# JRE version: OpenJDK Runtime Environment (8.0_76-b03) (build 1.8.0_76-release-b03)
# Java VM: OpenJDK 64-Bit Server VM (25.76-b03 mixed mode windows-amd64 compressed oops)
Heap:
 PSYoungGen      total 230912K, used 180680K [0x00000000eab00000, 0x00000000ff900000, 0x0000000100000000)
  eden space 124416K, 100% used [0x00000000eab00000,0x00000000f2480000,0x00000000f2480000)
  from space 106496K, 52% used [0x00000000f8c80000,0x00000000fc372340,0x00000000ff480000)
  to   space 106496K, 96% used [0x00000000f2480000,0x00000000f88d28a8,0x00000000f8c80000)
 ParOldGen       total 596480K, used 462424K [0x00000000c0000000, 0x00000000e4680000, 0x00000000eab00000)
  object space 596480K, 77% used [0x00000000c0000000,0x00000000dc396270,0x00000000e4680000)
 Metaspace       used 6608K, capacity 7282K, committed 7552K, reserved 1056768K
  class space    used 601K, capacity 618K, committed 640K, reserved 1048576K
GC Heap History (10 events):
Event: 15.467 GC heap after
Heap after GC invocations=27 (full 3):
 PSYoungGen      total 232960K, used 18583K [0x00000000eab00000, 0x0000000100000000, 0x0000000100000000)
  eden space 116736K, 0% used [0x00000000eab00000,0x00000000eab00000,0x00000000f1d00000)
  from space 116224K, 15% used [0x00000000f8e80000,0x00000000fa0a5d58,0x0000000100000000)
  to   space 116224K, 0% used [0x00000000f1d00000,0x00000000f1d00000,0x00000000f8e80000)
 ParOldGen       total 596480K, used 426239K [0x00000000c0000000, 0x00000000e4680000, 0x00000000eab00000)
  object space 596480K, 71% used [0x00000000c0000000,0x00000000da03ff00,0x00000000e4680000)
 Metaspace       used 6607K, capacity 7282K, committed 7552K, reserved 1056768K
  class space    used 601K, capacity 618K, committed 640K, reserved 1048576K
}
Event: 15.651 GC heap before
{Heap before GC invocations=28 (full 3):
 PSYoungGen      total 232960K, used 135319K [0x00000000eab00000, 0x0000000100000000, 0x0000000100000000)
  eden space 116736K, 100% used [0x00000000eab00000,0x00000000f1d00000,0x00000000f1d00000)
  from space 116224K, 15% used [0x00000000f8e80000,0x00000000fa0a5d58,0x0000000100000000)
  to   space 116224K, 0% used [0x00000000f1d00000,0x00000000f1d00000,0x00000000f8e80000)
 ParOldGen       total 596480K, used 426239K [0x00000000c0000000, 0x00000000e4680000, 0x00000000eab00000)
  object space 596480K, 71% used [0x00000000c0000000,0x00000000da03ff00,0x00000000e4680000)
 Metaspace       used 6607K, capacity 7282K, committed 7552K, reserved 1056768K
  class space    used 601K, capacity 618K, committed 640K, reserved 1048576K
Event: 15.713 GC heap after
Heap after GC invocations=28 (full 3):
 PSYoungGen      total 232960K, used 18880K [0x00000000eab00000, 0x0000000100000000, 0x0000000100000000)
  eden space 116736K, 0% used [0x00000000eab00000,0x00000000eab00000,0x00000000f1d00000)
  from space 116224K, 16% used [0x00000000f1d00000,0x00000000f2f70000,0x00000000f8e80000)
  to   space 116224K, 0% used [0x00000000f8e80000,0x00000000f8e80000,0x0000000100000000)
 ParOldGen       total 596480K, used 444163K [0x00000000c0000000, 0x00000000e4680000, 0x00000000eab00000)
  object space 596480K, 74% used [0x00000000c0000000,0x00000000db1c0f50,0x00000000e4680000)
 Metaspace       used 6607K, capacity 7282K, committed 7552K, reserved 1056768K
  class space    used 601K, capacity 618K, committed 640K, reserved 1048576K
}
Event: 15.832 GC heap before
{Heap before GC invocations=29 (full 3):
 PSYoungGen      total 232960K, used 135616K [0x00000000eab00000, 0x0000000100000000, 0x0000000100000000)
  eden space 116736K, 100% used [0x00000000eab00000,0x00000000f1d00000,0x00000000f1d00000)
  from space 116224K, 16% used [0x00000000f1d00000,0x00000000f2f70000,0x00000000f8e80000)
  to   space 116224K, 0% used [0x00000000f8e80000,0x00000000f8e80000,0x0000000100000000)
 ParOldGen       total 596480K, used 444163K [0x00000000c0000000, 0x00000000e4680000, 0x00000000eab00000)
  object space 596480K, 74% used [0x00000000c0000000,0x00000000db1c0f50,0x00000000e4680000)
 Metaspace       used 6607K, capacity 7282K, committed 7552K, reserved 1056768K
  class space    used 601K, capacity 618K, committed 640K, reserved 1048576K
Event: 15.874 GC heap after
Heap after GC invocations=29 (full 3):
 PSYoungGen      total 227840K, used 20183K [0x00000000eab00000, 0x00000000ffb00000, 0x0000000100000000)
  eden space 116736K, 0% used [0x00000000eab00000,0x00000000eab00000,0x00000000f1d00000)
  from space 111104K, 18% used [0x00000000f8e80000,0x00000000fa235df0,0x00000000ffb00000)
  to   space 113664K, 0% used [0x00000000f1d00000,0x00000000f1d00000,0x00000000f8c00000)
 ParOldGen       total 596480K, used 462424K [0x00000000c0000000, 0x00000000e4680000, 0x00000000eab00000)
  object space 596480K, 77% used [0x00000000c0000000,0x00000000dc396270,0x00000000e4680000)
 Metaspace       used 6607K, capacity 7282K, committed 7552K, reserved 1056768K
  class space    used 601K, capacity 618K, committed 640K, reserved 1048576K
}
Event: 16.031 GC heap before
{Heap before GC invocations=30 (full 3):
 PSYoungGen      total 227840K, used 136919K [0x00000000eab00000, 0x00000000ffb00000, 0x0000000100000000)
  eden space 116736K, 100% used [0x00000000eab00000,0x00000000f1d00000,0x00000000f1d00000)
  from space 111104K, 18% used [0x00000000f8e80000,0x00000000fa235df0,0x00000000ffb00000)
  to   space 113664K, 0% used [0x00000000f1d00000,0x00000000f1d00000,0x00000000f8c00000)
 ParOldGen       total 596480K, used 462424K [0x00000000c0000000, 0x00000000e4680000, 0x00000000eab00000)
  object space 596480K, 77% used [0x00000000c0000000,0x00000000dc396270,0x00000000e4680000)
 Metaspace       used 6607K, capacity 7282K, committed 7552K, reserved 1056768K
  class space    used 601K, capacity 618K, committed 640K, reserved 1048576K
Event: 16.060 GC heap after
Heap after GC invocations=30 (full 3):
 PSYoungGen      total 230400K, used 37161K [0x00000000eab00000, 0x00000000ff480000, 0x0000000100000000)
  eden space 116736K, 0% used [0x00000000eab00000,0x00000000eab00000,0x00000000f1d00000)
  from space 113664K, 32% used [0x00000000f1d00000,0x00000000f414a638,0x00000000f8c00000)
  to   space 106496K, 0% used [0x00000000f8c80000,0x00000000f8c80000,0x00000000ff480000)
 ParOldGen       total 596480K, used 462424K [0x00000000c0000000, 0x00000000e4680000, 0x00000000eab00000)
  object space 596480K, 77% used [0x00000000c0000000,0x00000000dc396270,0x00000000e4680000)
 Metaspace       used 6607K, capacity 7282K, committed 7552K, reserved 1056768K
  class space    used 601K, capacity 618K, committed 640K, reserved 1048576K
}
Event: 16.187 GC heap before
{Heap before GC invocations=31 (full 3):
 PSYoungGen      total 230400K, used 153897K [0x00000000eab00000, 0x00000000ff480000, 0x0000000100000000)
  eden space 116736K, 100% used [0x00000000eab00000,0x00000000f1d00000,0x00000000f1d00000)
  from space 113664K, 32% used [0x00000000f1d00000,0x00000000f414a638,0x00000000f8c00000)
  to   space 106496K, 0% used [0x00000000f8c80000,0x00000000f8c80000,0x00000000ff480000)
 ParOldGen       total 596480K, used 462424K [0x00000000c0000000, 0x00000000e4680000, 0x00000000eab00000)
  object space 596480K, 77% used [0x00000000c0000000,0x00000000dc396270,0x00000000e4680000)
 Metaspace       used 6607K, capacity 7282K, committed 7552K, reserved 1056768K
  class space    used 601K, capacity 618K, committed 640K, reserved 1048576K
Event: 16.232 GC heap after
Heap after GC invocations=31 (full 3):
 PSYoungGen      total 230912K, used 56264K [0x00000000eab00000, 0x00000000ff900000, 0x0000000100000000)
  eden space 124416K, 0% used [0x00000000eab00000,0x00000000eab00000,0x00000000f2480000)
  from space 106496K, 52% used [0x00000000f8c80000,0x00000000fc372340,0x00000000ff480000)
  to   space 106496K, 0% used [0x00000000f2480000,0x00000000f2480000,0x00000000f8c80000)
 ParOldGen       total 596480K, used 462424K [0x00000000c0000000, 0x00000000e4680000, 0x00000000eab00000)
  object space 596480K, 77% used [0x00000000c0000000,0x00000000dc396270,0x00000000e4680000)
 Metaspace       used 6607K, capacity 7282K, committed 7552K, reserved 1056768K
  class space    used 601K, capacity 618K, committed 640K, reserved 1048576K
}
Event: 16.620 GC heap before
{Heap before GC invocations=32 (full 3):
 PSYoungGen      total 230912K, used 180680K [0x00000000eab00000, 0x00000000ff900000, 0x0000000100000000)
  eden space 124416K, 100% used [0x00000000eab00000,0x00000000f2480000,0x00000000f2480000)
  from space 106496K, 52% used [0x00000000f8c80000,0x00000000fc372340,0x00000000ff480000)
  to   space 106496K, 0% used [0x00000000f2480000,0x00000000f2480000,0x00000000f8c80000)
 ParOldGen       total 596480K, used 462424K [0x00000000c0000000, 0x00000000e4680000, 0x00000000eab00000)
  object space 596480K, 77% used [0x00000000c0000000,0x00000000dc396270,0x00000000e4680000)
 Metaspace       used 6608K, capacity 7282K, committed 7552K, reserved 1056768K
  class space    used 601K, capacity 618K, committed 640K, reserved 1048576K

